
> valvejuhtimine@0.1.0 dev
> vite --host 127.0.0.1 --port 5173


  [32m[1mVITE[22m v5.4.21[39m  [2mready in [0m[1m865[22m[2m[0m ms[22m

  [32m➜[39m  [1mLocal[22m:   [36mhttp://127.0.0.1:[1m5173[22m/[39m
[2m[32m  ➜[39m[22m[2m  press [22m[1mh + enter[22m[2m to show help[22m
[2m14:59:33[22m [36m[1m[vite][22m[39m [32mhmr update [39m[2m/src/app/App.tsx[22m
[2m16:40:44[22m [36m[1m[vite][22m[39m [32m.env.local changed, restarting server...[39m
[2m16:40:45[22m [36m[1m[vite][22m[39m server restarted.
[2m16:41:04[22m [36m[1m[vite][22m[39m [32m.env.local changed, restarting server...[39m
[2m16:41:04[22m [36m[1m[vite][22m[39m server restarted.
[2m16:41:08[22m [36m[1m[vite][22m[39m [32m.env.local changed, restarting server...[39m
[2m16:41:08[22m [36m[1m[vite][22m[39m server restarted.
[2m16:41:10[22m [36m[1m[vite][22m[39m [32m.env.local changed, restarting server...[39m
[2m16:41:10[22m [36m[1m[vite][22m[39m server restarted.
[2m16:41:12[22m [36m[1m[vite][22m[39m [32m.env.local changed, restarting server...[39m
[2m16:41:12[22m [36m[1m[vite][22m[39m server restarted.
[2m16:41:15[22m [36m[1m[vite][22m[39m [32m.env.local changed, restarting server...[39m
[2m16:41:15[22m [36m[1m[vite][22m[39m server restarted.
[2m16:41:17[22m [36m[1m[vite][22m[39m [32m.env.local changed, restarting server...[39m
[2m16:41:17[22m [36m[1m[vite][22m[39m server restarted.
[2m16:41:47[22m [36m[1m[vite][22m[39m [32m.env.local changed, restarting server...[39m
[2m16:41:48[22m [36m[1m[vite][22m[39m server restarted.
[2m16:41:49[22m [36m[1m[vite][22m[39m [32m.env.local changed, restarting server...[39m
[2m16:41:49[22m [36m[1m[vite][22m[39m server restarted.
[2m16:42:05[22m [36m[1m[vite][22m[39m [32m.env.local changed, restarting server...[39m
[2m16:42:05[22m [36m[1m[vite][22m[39m server restarted.
[2m16:43:27[22m [36m[1m[vite][22m[39m [32m.env.local changed, restarting server...[39m
[2m16:43:27[22m [36m[1m[vite][22m[39m server restarted.
[2m16:43:29[22m [36m[1m[vite][22m[39m [32m.env.local changed, restarting server...[39m
[2m16:43:29[22m [36m[1m[vite][22m[39m server restarted.
[2m16:44:07[22m [36m[1m[vite][22m[39m [32m.env.local changed, restarting server...[39m
[2m16:44:07[22m [36m[1m[vite][22m[39m server restarted.
[2m16:44:09[22m [36m[1m[vite][22m[39m [32m.env.local changed, restarting server...[39m
[2m16:44:09[22m [36m[1m[vite][22m[39m server restarted.
[2m17:15:16[22m [36m[1m[vite][22m[39m [32mhmr update [39m[2m/src/app/App.tsx[22m
[2m17:15:28[22m [36m[1m[vite][22m[39m [32mhmr update [39m[2m/src/app/App.tsx[22m
[2m17:15:42[22m [36m[1m[vite][22m[39m [32mhmr update [39m[2m/src/app/App.tsx[22m
[2m17:15:55[22m [36m[1m[vite][22m[39m [32mhmr update [39m[2m/src/app/App.tsx[22m
[2m17:16:28[22m [36m[1m[vite][22m[39m [32mhmr update [39m[2m/src/components/layout/Header.tsx[22m
[2m17:16:34[22m [36m[1m[vite][22m[39m [32mhmr update [39m[2m/src/components/simulation/RoleSelector.tsx[22m
[2m17:25:08[22m [36m[1m[vite][22m[39m [32m.env.local changed, restarting server...[39m
[2m17:25:08[22m [36m[1m[vite][22m[39m server restarted.
[2m17:25:43[22m [36m[1m[vite][22m[39m [32m.env.local changed, restarting server...[39m
[2m17:25:43[22m [36m[1m[vite][22m[39m server restarted.
[2m17:26:24[22m [36m[1m[vite][22m[39m [32m.env.local changed, restarting server...[39m
[2m17:26:24[22m [36m[1m[vite][22m[39m server restarted.
[2m17:26:25[22m [36m[1m[vite][22m[39m [32m.env.local changed, restarting server...[39m
[2m17:26:25[22m [36m[1m[vite][22m[39m server restarted.
[2m17:36:54[22m [36m[1m[vite][22m[39m [32mhmr update [39m[2m/src/components/officers/OfficerCard.tsx[22m
[2m17:37:38[22m [36m[1m[vite][22m[39m [32mhmr update [39m[2m/src/components/officers/OfficerDetailPanel.tsx[22m
[2m17:38:29[22m [36m[1m[vite][22m[39m [32mhmr update [39m[2m/src/components/officers/OfficerDetailPanel.tsx[22m
[2m17:38:46[22m [36m[1m[vite][22m[39m [32mhmr update [39m[2m/src/components/map/BuildingCard.tsx[22m
[2m17:39:01[22m [36m[1m[vite][22m[39m [32mhmr update [39m[2m/src/components/incidents/IncidentCard.tsx[22m
[2m17:39:06[22m [36m[1m[vite][22m[39m [32mhmr update [39m[2m/src/components/warnings/WarningList.tsx[22m
[2m17:39:29[22m [36m[1m[vite][22m[39m [32mhmr update [39m[2m/src/components/warnings/WarningList.tsx[22m
[2m17:39:41[22m [36m[1m[vite][22m[39m [32mhmr update [39m[2m/src/components/layout/LeftSidebar.tsx[22m
[2m17:39:58[22m [36m[1m[vite][22m[39m [32mhmr update [39m[2m/src/components/layout/RightSidebar.tsx[22m
[2m17:40:11[22m [36m[1m[vite][22m[39m [32mhmr update [39m[2m/src/components/layout/Header.tsx[22m
[2m17:40:18[22m [36m[1m[vite][22m[39m [32mhmr update [39m[2m/src/components/map/BuildingCard.tsx[22m
[2m17:40:29[22m [36m[1m[vite][22m[39m [32mhmr update [39m[2m/src/components/incidents/IncidentCard.tsx[22m
[2m17:40:42[22m [36m[1m[vite][22m[39m [32mhmr update [39m[2m/src/app/App.tsx, /src/components/incidents/IncidentCard.tsx, /src/components/log/DecisionLog.tsx, /src/components/map/BusCard.tsx, /src/components/map/BuildingCard.tsx[22m
[2m17:41:01[22m [36m[1m[vite][22m[39m [32mhmr update [39m[2m/src/components/officers/OfficerDetailPanel.tsx[22m
[2m17:53:06[22m [36m[1m[vite][22m[39m [32mhmr update [39m[2m/src/components/incidents/IncidentForm.tsx[22m
[2m17:53:50[22m [36m[1m[vite][22m[39m [32mhmr update [39m[2m/src/components/incidents/IncidentForm.tsx[22m
[2m17:53:55[22m [36m[1m[vite][22m[39m [32mhmr update [39m[2m/src/components/incidents/EscalateForm.tsx[22m
[2m17:54:35[22m [36m[1m[vite][22m[39m [32mhmr update [39m[2m/src/components/incidents/EscalateForm.tsx[22m
[2m17:54:45[22m [36m[1m[vite][22m[39m [32mhmr update [39m[2m/src/components/layout/RightSidebar.tsx[22m
[2m17:54:53[22m [36m[1m[vite][22m[39m [32mhmr update [39m[2m/src/app/App.tsx[22m
[2m17:54:59[22m [36m[1m[vite][22m[39m [32mhmr update [39m[2m/src/app/App.tsx[22m
[2m17:55:07[22m [36m[1m[vite][22m[39m [32mhmr update [39m[2m/src/components/incidents/IncidentCard.tsx[22m
[2m17:55:30[22m [36m[1m[vite][22m[39m [32mhmr update [39m[2m/src/components/incidents/EscalateForm.tsx[22m
[2m17:55:36[22m [36m[1m[vite][22m[39m [32mhmr update [39m[2m/src/components/incidents/IncidentForm.tsx[22m
[2m17:56:35[22m [36m[1m[vite][22m[39m [32m.env.local changed, restarting server...[39m
[2m17:56:35[22m [36m[1m[vite][22m[39m server restarted.
